<?xml version="1.0" encoding="UTF-8"?>
<!-- Generated by org.testng.reporters.JUnitXMLReporter -->
<testsuite ignored="0" hostname="MNoumanKJ" failures="0" tests="3" name="Default test" time="51.398" errors="0" timestamp="2019-11-18T21:32:28 PKT">
  <testcase classname="com.guru99.demo.pagestests.LoginPageTest" name="loginLogoImageTest" time="0.171"/>
  <testcase classname="com.guru99.demo.pagestests.LoginPageTest" name="loginPageTitleTest" time="0.04"/>
  <testcase classname="com.guru99.demo.pagestests.LoginPageTest" name="loginTest" time="1.037"/>
</testsuite> <!-- Default test -->
