<?xml version="1.0" encoding="UTF-8"?>
<!-- Generated by org.testng.reporters.JUnitXMLReporter -->
<testsuite ignored="0" hostname="MNoumanKJ" failures="0" tests="3" name="Default test" time="48.034" errors="0" timestamp="2019-11-15T00:02:12 PKT">
  <testcase classname="com.guru99.demo.pagestests.LoginPageTest" name="loginLogoImageTest" time="0.326"/>
  <testcase classname="com.guru99.demo.pagestests.LoginPageTest" name="loginPageTitleTest" time="0.021"/>
  <testcase classname="com.guru99.demo.pagestests.LoginPageTest" name="loginTest" time="0.601"/>
</testsuite> <!-- Default test -->
