<?xml version="1.0" encoding="UTF-8"?>
<testng-results ignored="0" total="3" passed="3" failed="0" skipped="0">
  <reporter-output>
  </reporter-output>
  <suite started-at="2019-11-18T21:31:36 PKT" name="Default suite" finished-at="2019-11-18T21:32:28 PKT" duration-ms="51398">
    <groups>
    </groups>
    <test started-at="2019-11-18T21:31:36 PKT" name="Default test" finished-at="2019-11-18T21:32:28 PKT" duration-ms="51398">
      <class name="com.guru99.demo.pagestests.LoginPageTest">
        <test-method is-config="true" signature="setUp()[pri:0, instance:com.guru99.demo.pagestests.LoginPageTest@3943a2be]" started-at="2019-11-18T21:31:36 PKT" name="setUp" finished-at="2019-11-18T21:31:53 PKT" duration-ms="16615" status="PASS">
          <reporter-output>
          </reporter-output>
        </test-method> <!-- setUp -->
        <test-method signature="loginLogoImageTest()[pri:0, instance:com.guru99.demo.pagestests.LoginPageTest@3943a2be]" started-at="2019-11-18T21:31:53 PKT" name="loginLogoImageTest" finished-at="2019-11-18T21:31:53 PKT" duration-ms="171" status="PASS">
          <reporter-output>
          </reporter-output>
        </test-method> <!-- loginLogoImageTest -->
        <test-method is-config="true" signature="tearDown()[pri:0, instance:com.guru99.demo.pagestests.LoginPageTest@3943a2be]" started-at="2019-11-18T21:31:53 PKT" name="tearDown" finished-at="2019-11-18T21:31:54 PKT" duration-ms="999" status="PASS">
          <reporter-output>
          </reporter-output>
        </test-method> <!-- tearDown -->
        <test-method is-config="true" signature="setUp()[pri:0, instance:com.guru99.demo.pagestests.LoginPageTest@3943a2be]" started-at="2019-11-18T21:31:54 PKT" name="setUp" finished-at="2019-11-18T21:32:12 PKT" duration-ms="17352" status="PASS">
          <reporter-output>
          </reporter-output>
        </test-method> <!-- setUp -->
        <test-method signature="loginPageTitleTest()[pri:0, instance:com.guru99.demo.pagestests.LoginPageTest@3943a2be]" started-at="2019-11-18T21:32:12 PKT" name="loginPageTitleTest" finished-at="2019-11-18T21:32:12 PKT" duration-ms="40" status="PASS">
          <reporter-output>
          </reporter-output>
        </test-method> <!-- loginPageTitleTest -->
        <test-method is-config="true" signature="tearDown()[pri:0, instance:com.guru99.demo.pagestests.LoginPageTest@3943a2be]" started-at="2019-11-18T21:32:12 PKT" name="tearDown" finished-at="2019-11-18T21:32:13 PKT" duration-ms="1015" status="PASS">
          <reporter-output>
          </reporter-output>
        </test-method> <!-- tearDown -->
        <test-method is-config="true" signature="setUp()[pri:0, instance:com.guru99.demo.pagestests.LoginPageTest@3943a2be]" started-at="2019-11-18T21:32:13 PKT" name="setUp" finished-at="2019-11-18T21:32:26 PKT" duration-ms="12974" status="PASS">
          <reporter-output>
          </reporter-output>
        </test-method> <!-- setUp -->
        <test-method signature="loginTest()[pri:0, instance:com.guru99.demo.pagestests.LoginPageTest@3943a2be]" started-at="2019-11-18T21:32:26 PKT" name="loginTest" finished-at="2019-11-18T21:32:27 PKT" duration-ms="1037" status="PASS">
          <reporter-output>
          </reporter-output>
        </test-method> <!-- loginTest -->
        <test-method is-config="true" signature="tearDown()[pri:0, instance:com.guru99.demo.pagestests.LoginPageTest@3943a2be]" started-at="2019-11-18T21:32:27 PKT" name="tearDown" finished-at="2019-11-18T21:32:28 PKT" duration-ms="1010" status="PASS">
          <reporter-output>
          </reporter-output>
        </test-method> <!-- tearDown -->
      </class> <!-- com.guru99.demo.pagestests.LoginPageTest -->
    </test> <!-- Default test -->
  </suite> <!-- Default suite -->
</testng-results>
